[INFO ] 2019-04-12 09:33:25,966 - ConfigUtils:61 : check dir to find config file, dir=F:\workspace2\VOC&WalM\..\etc
[INFO ] 2019-04-12 09:33:25,972 - ConfigUtils:83 : read properties file, filename=F:\workspace2\VOC&WalM\..\etc\parse-config.properties
[INFO ] 2019-04-12 09:33:25,972 - ConfigUtils:136 : key=SaveSource, will use defaultValue=true
[INFO ] 2019-04-12 09:33:26,145 - DomCFGField:106 : createTask: name :total_cnt
[INFO ] 2019-04-12 09:33:26,146 - DomCFGField:106 : createTask:0 name :itemlink
[INFO ] 2019-04-12 09:33:26,147 - DomCFGField:106 : createTask: name :itemname
[INFO ] 2019-04-12 09:33:26,147 - DomCFGField:106 : createTask: name :itemprice
[INFO ] 2019-04-12 09:33:26,493 - ParseUtils:46 : url:http://www.yidianzixun.com/article/0LhMnQq8?searchword=%E5%8D%8E%E4%B8%BA tasks size 1
[INFO ] 2019-04-12 09:33:26,499 - ConfigUtils:136 : key=TestMode, will use defaultValue=false
[INFO ] 2019-04-12 09:33:26,500 - ConfigUtils:83 : read properties file, filename=F:\workspace2\VOC&WalM\..\etc\crawl-config.properties
[INFO ] 2019-04-12 09:33:26,500 - ConfigUtils:136 : key=Distribute.status, will use defaultValue=true
[INFO ] 2019-04-12 09:33:26,530 - AbstractClient:94 : locator:bfdcloud/Locator:tcp -h 172.19.1.151 -p 47893
[INFO ] 2019-04-12 09:33:26,530 - ConfigUtils:110 : key=Ice.Override.Timeout, will use defaultValue=20000
[INFO ] 2019-04-12 09:33:26,533 - ConfigUtils:110 : key=Ice.Override.Timeout, will use defaultValue=20000
[INFO ] 2019-04-12 09:33:26,533 - AbstractClient:104 : Ice.Override.Timeout:20000
[INFO ] 2019-04-12 09:33:26,590 - ConfigUtils:110 : key=crawl.public.ice.service.configure, will use defaultValue=BizConfigurerService
[INFO ] 2019-04-12 09:34:46,854 - AConfig:35 : execute requestConfig tablename is PageDefine
[WARN ] 2019-04-12 09:34:46,857 - ConfigClient:57 : main exception while calling getconfig method, Err=
java.lang.NullPointerException
	at com.bfd.parse.client.ConfigClient.getConfig(ConfigClient.java:55)
	at com.bfd.parse.config.AConfig.requestConfig(AConfig.java:37)
	at com.bfd.parse.config.PageDefine.PageDefineConfig.requestConfig(PageDefineConfig.java:40)
	at com.bfd.parse.config.AConfig.<init>(AConfig.java:31)
	at com.bfd.parse.config.PageDefine.PageDefineConfig.<init>(PageDefineConfig.java:24)
	at com.bfd.parse.config.PageDefine.PageDefineConfig.getInstance(PageDefineConfig.java:31)
	at com.bfd.parse.util.ParseUtils.getIid(ParseUtils.java:55)
	at com.bfd.parse.reprocess.NyidianzixunContentRe.addCommentUrl(NyidianzixunContentRe.java:62)
	at com.bfd.parse.reprocess.NyidianzixunContentRe.process(NyidianzixunContentRe.java:42)
	at com.bfd.parse.test.plugin.ParsePlugin.parse(ParsePlugin.java:103)
	at com.bfd.parse.test.plugin.CommonTest.testDemo(CommonTest.java:59)
	at com.bfd.parse.test.plugin.CommonTest.main(CommonTest.java:15)
[INFO ] 2019-04-12 09:34:47,859 - ConfigUtils:83 : read properties file, filename=F:\workspace2\VOC&WalM\..\etc\crawl-config.properties
[INFO ] 2019-04-12 09:34:47,862 - ConfigUtils:136 : key=Distribute.status, will use defaultValue=true
[INFO ] 2019-04-12 09:34:47,863 - AbstractClient:94 : locator:bfdcloud/Locator:tcp -h 172.19.1.151 -p 47893
[INFO ] 2019-04-12 09:34:47,863 - ConfigUtils:110 : key=Ice.Override.Timeout, will use defaultValue=20000
[INFO ] 2019-04-12 09:34:47,864 - ConfigUtils:110 : key=Ice.Override.Timeout, will use defaultValue=20000
[INFO ] 2019-04-12 09:34:47,864 - AbstractClient:104 : Ice.Override.Timeout:20000
[INFO ] 2019-04-12 09:34:47,868 - ConfigUtils:110 : key=crawl.public.ice.service.configure, will use defaultValue=BizConfigurerService
[INFO ] 2019-04-12 09:34:57,494 - ConfigUtils:61 : check dir to find config file, dir=F:\workspace2\VOC&WalM\..\etc
[INFO ] 2019-04-12 09:34:57,499 - ConfigUtils:83 : read properties file, filename=F:\workspace2\VOC&WalM\..\etc\parse-config.properties
[INFO ] 2019-04-12 09:34:57,500 - ConfigUtils:136 : key=SaveSource, will use defaultValue=true
[INFO ] 2019-04-12 09:34:57,666 - DomCFGField:106 : createTask: name :total_cnt
[INFO ] 2019-04-12 09:34:57,668 - DomCFGField:106 : createTask:0 name :itemlink
[INFO ] 2019-04-12 09:34:57,668 - DomCFGField:106 : createTask: name :itemname
[INFO ] 2019-04-12 09:34:57,668 - DomCFGField:106 : createTask: name :itemprice
[INFO ] 2019-04-12 09:36:56,073 - ConfigUtils:61 : check dir to find config file, dir=F:\workspace2\VOC&WalM\..\etc
[INFO ] 2019-04-12 09:36:56,076 - ConfigUtils:83 : read properties file, filename=F:\workspace2\VOC&WalM\..\etc\parse-config.properties
[INFO ] 2019-04-12 09:36:56,076 - ConfigUtils:136 : key=SaveSource, will use defaultValue=true
[INFO ] 2019-04-12 09:36:56,176 - DomCFGField:106 : createTask: name :content
[INFO ] 2019-04-12 09:36:56,176 - DomCFGField:106 : createTask: name :source
[INFO ] 2019-04-12 09:36:56,177 - DomCFGField:106 : createTask: name :post_time
[INFO ] 2019-04-12 09:36:56,177 - DomCFGField:106 : createTask: name :title
